<?xml version="1.0" encoding="UTF-8"?>
<robot generator="Robot 6.1.1 (Python 3.14.3 on win32)" generated="20260408 00:45:48.344" rpa="false" schemaversion="4">
<suite id="s1" name="TC6 Validate User In Admin List" source="C:\Users\Praveen\Documents\test case 5 &amp; 6\robot_tests\test_cases\TC6_Validate_User_In_Admin_List.robot">
<test id="s1-t1" name="TC6_Validate_User_In_Admin_List" line="14">
<kw name="Open Browser And Maximize" type="SETUP">
<kw name="Open Browser" library="SeleniumLibrary">
<arg>${BASE_URL}</arg>
<arg>Chrome</arg>
<doc>Opens a new browser instance to the optional ``url``.</doc>
<msg timestamp="20260408 00:45:48.956" level="INFO">Opening browser 'Chrome' to base url 'https://opensource-demo.orangehrmlive.com'.</msg>
<status status="PASS" starttime="20260408 00:45:48.955" endtime="20260408 00:45:53.544"/>
</kw>
<kw name="Maximize Browser Window" library="SeleniumLibrary">
<doc>Maximizes current browser window.</doc>
<status status="PASS" starttime="20260408 00:45:53.545" endtime="20260408 00:45:53.585"/>
</kw>
<kw name="Set Selenium Speed" library="SeleniumLibrary">
<arg>0.5 seconds</arg>
<doc>Sets the delay that is waited after each Selenium command.</doc>
<status status="PASS" starttime="20260408 00:45:53.585" endtime="20260408 00:45:53.586"/>
</kw>
<kw name="Set Selenium Timeout" library="SeleniumLibrary">
<arg>20 seconds</arg>
<doc>Sets the timeout that is used by various keywords.</doc>
<status status="PASS" starttime="20260408 00:45:53.586" endtime="20260408 00:45:54.091"/>
</kw>
<status status="PASS" starttime="20260408 00:45:48.955" endtime="20260408 00:45:54.092"/>
</kw>
<kw name="Log" library="BuiltIn">
<arg>Step 1: Login as Admin</arg>
<doc>Logs the given message with the given level.</doc>
<msg timestamp="20260408 00:45:54.092" level="INFO">Step 1: Login as Admin</msg>
<status status="PASS" starttime="20260408 00:45:54.092" endtime="20260408 00:45:54.092"/>
</kw>
<kw name="Login To OrangeHRM">
<kw name="Wait Until Element Is Visible" library="SeleniumLibrary">
<arg>name:username</arg>
<arg>timeout=10</arg>
<doc>Waits until the element ``locator`` is visible.</doc>
<status status="PASS" starttime="20260408 00:45:54.093" endtime="20260408 00:45:55.137"/>
</kw>
<kw name="Input Text" library="SeleniumLibrary">
<arg>name:username</arg>
<arg>${ADMIN_USERNAME}</arg>
<doc>Types the given ``text`` into the text field identified by ``locator``.</doc>
<msg timestamp="20260408 00:45:55.138" level="INFO">Typing text 'Admin' into text field 'name:username'.</msg>
<status status="PASS" starttime="20260408 00:45:55.137" endtime="20260408 00:45:56.780"/>
</kw>
<kw name="Input Text" library="SeleniumLibrary">
<arg>name:password</arg>
<arg>${ADMIN_PASSWORD}</arg>
<doc>Types the given ``text`` into the text field identified by ``locator``.</doc>
<msg timestamp="20260408 00:45:56.781" level="INFO">Typing text 'admin123' into text field 'name:password'.</msg>
<status status="PASS" starttime="20260408 00:45:56.780" endtime="20260408 00:45:58.451"/>
</kw>
<kw name="Click Button" library="SeleniumLibrary">
<arg>class:oxd-button</arg>
<doc>Clicks the button identified by ``locator``.</doc>
<msg timestamp="20260408 00:45:58.452" level="INFO">Clicking button 'class:oxd-button'.</msg>
<status status="PASS" starttime="20260408 00:45:58.451" endtime="20260408 00:46:01.112"/>
</kw>
<kw name="Sleep" library="BuiltIn">
<arg>3</arg>
<doc>Pauses the test executed for the given time.</doc>
<msg timestamp="20260408 00:46:04.113" level="INFO">Slept 3 seconds</msg>
<status status="PASS" starttime="20260408 00:46:01.112" endtime="20260408 00:46:04.113"/>
</kw>
<status status="PASS" starttime="20260408 00:45:54.093" endtime="20260408 00:46:04.113"/>
</kw>
<kw name="Verify Login Success">
<kw name="Get Location" library="SeleniumLibrary">
<var>${current_url}</var>
<doc>Returns the current browser window URL.</doc>
<msg timestamp="20260408 00:46:04.716" level="INFO">${current_url} = https://opensource-demo.orangehrmlive.com/web/index.php/dashboard/index</msg>
<status status="PASS" starttime="20260408 00:46:04.114" endtime="20260408 00:46:04.716"/>
</kw>
<kw name="Should Contain" library="BuiltIn">
<arg>${current_url}</arg>
<arg>dashboard</arg>
<arg>msg=Login failed</arg>
<doc>Fails if ``container`` does not contain ``item`` one or more times.</doc>
<status status="PASS" starttime="20260408 00:46:04.717" endtime="20260408 00:46:04.717"/>
</kw>
<status status="PASS" starttime="20260408 00:46:04.114" endtime="20260408 00:46:04.718"/>
</kw>
<kw name="Log" library="BuiltIn">
<arg>Step 2: Navigate to Admin &gt; User Management &gt; Users</arg>
<doc>Logs the given message with the given level.</doc>
<msg timestamp="20260408 00:46:04.718" level="INFO">Step 2: Navigate to Admin &gt; User Management &gt; Users</msg>
<status status="PASS" starttime="20260408 00:46:04.718" endtime="20260408 00:46:04.720"/>
</kw>
<kw name="Go To" library="SeleniumLibrary">
<arg>${BASE_URL}/web/index.php/admin/viewSystemUsers</arg>
<doc>Navigates the current browser window to the provided ``url``.</doc>
<msg timestamp="20260408 00:46:04.723" level="INFO">Opening url 'https://opensource-demo.orangehrmlive.com/web/index.php/admin/viewSystemUsers'</msg>
<status status="PASS" starttime="20260408 00:46:04.722" endtime="20260408 00:46:05.981"/>
</kw>
<kw name="Sleep" library="BuiltIn">
<arg>5</arg>
<doc>Pauses the test executed for the given time.</doc>
<msg timestamp="20260408 00:46:10.982" level="INFO">Slept 5 seconds</msg>
<status status="PASS" starttime="20260408 00:46:05.981" endtime="20260408 00:46:10.982"/>
</kw>
<kw name="Log" library="BuiltIn">
<arg>Step 3: Verify user list is displayed</arg>
<doc>Logs the given message with the given level.</doc>
<msg timestamp="20260408 00:46:10.982" level="INFO">Step 3: Verify user list is displayed</msg>
<status status="PASS" starttime="20260408 00:46:10.982" endtime="20260408 00:46:10.982"/>
</kw>
<kw name="Run Keyword And Return Status" library="BuiltIn">
<var>${user_list_visible}</var>
<arg>Element Should Be Visible</arg>
<arg>xpath=//div[contains(@class,'oxd-table')]</arg>
<doc>Runs the given keyword with given arguments and returns the status as a Boolean value.</doc>
<kw name="Element Should Be Visible" library="SeleniumLibrary">
<arg>xpath=//div[contains(@class,'oxd-table')]</arg>
<doc>Verifies that the element identified by ``locator`` is visible.</doc>
<msg timestamp="20260408 00:46:12.046" level="INFO">Element 'xpath=//div[contains(@class,'oxd-table')]' is displayed.</msg>
<status status="PASS" starttime="20260408 00:46:10.983" endtime="20260408 00:46:12.046"/>
</kw>
<msg timestamp="20260408 00:46:12.046" level="INFO">${user_list_visible} = True</msg>
<status status="PASS" starttime="20260408 00:46:10.982" endtime="20260408 00:46:12.046"/>
</kw>
<kw name="Should Be True" library="BuiltIn">
<arg>${user_list_visible}</arg>
<arg>msg=User list not visible</arg>
<doc>Fails if the given condition is not true.</doc>
<status status="PASS" starttime="20260408 00:46:12.046" endtime="20260408 00:46:12.046"/>
</kw>
<kw name="Log" library="BuiltIn">
<arg>Step 4: Search for Admin user</arg>
<doc>Logs the given message with the given level.</doc>
<msg timestamp="20260408 00:46:12.047" level="INFO">Step 4: Search for Admin user</msg>
<status status="PASS" starttime="20260408 00:46:12.047" endtime="20260408 00:46:12.047"/>
</kw>
<kw name="Input Text" library="SeleniumLibrary">
<arg>xpath=//input[@placeholder='Search']</arg>
<arg>Admin</arg>
<doc>Types the given ``text`` into the text field identified by ``locator``.</doc>
<msg timestamp="20260408 00:46:12.047" level="INFO">Typing text 'Admin' into text field 'xpath=//input[@placeholder='Search']'.</msg>
<status status="PASS" starttime="20260408 00:46:12.047" endtime="20260408 00:46:13.708"/>
</kw>
<kw name="Sleep" library="BuiltIn">
<arg>1</arg>
<doc>Pauses the test executed for the given time.</doc>
<msg timestamp="20260408 00:46:14.709" level="INFO">Slept 1 second</msg>
<status status="PASS" starttime="20260408 00:46:13.708" endtime="20260408 00:46:14.709"/>
</kw>
<kw name="Click Button" library="SeleniumLibrary">
<arg>xpath=//button[contains(@class,'oxd-button--secondary')]</arg>
<doc>Clicks the button identified by ``locator``.</doc>
<msg timestamp="20260408 00:46:14.710" level="INFO">Clicking button 'xpath=//button[contains(@class,'oxd-button--secondary')]'.</msg>
<status status="PASS" starttime="20260408 00:46:14.709" endtime="20260408 00:46:18.388"/>
</kw>
<kw name="Sleep" library="BuiltIn">
<arg>3</arg>
<doc>Pauses the test executed for the given time.</doc>
<msg timestamp="20260408 00:46:21.390" level="INFO">Slept 3 seconds</msg>
<status status="PASS" starttime="20260408 00:46:18.388" endtime="20260408 00:46:21.390"/>
</kw>
<kw name="Log" library="BuiltIn">
<arg>Step 5: Verify Admin user exists in list</arg>
<doc>Logs the given message with the given level.</doc>
<msg timestamp="20260408 00:46:21.390" level="INFO">Step 5: Verify Admin user exists in list</msg>
<status status="PASS" starttime="20260408 00:46:21.390" endtime="20260408 00:46:21.390"/>
</kw>
<kw name="Get Element Count" library="SeleniumLibrary">
<var>${row_count}</var>
<arg>xpath=//div[contains(@class,'oxd-table-row')]</arg>
<doc>Returns the number of elements matching ``locator``.</doc>
<msg timestamp="20260408 00:46:21.913" level="INFO">${row_count} = 32</msg>
<status status="PASS" starttime="20260408 00:46:21.390" endtime="20260408 00:46:21.913"/>
</kw>
<kw name="Log" library="BuiltIn">
<arg>Found ${row_count} users after search</arg>
<doc>Logs the given message with the given level.</doc>
<msg timestamp="20260408 00:46:21.914" level="INFO">Found 32 users after search</msg>
<status status="PASS" starttime="20260408 00:46:21.913" endtime="20260408 00:46:21.914"/>
</kw>
<kw name="Should Be True" library="BuiltIn">
<arg>${row_count} &gt; 0</arg>
<arg>msg=No users found after search</arg>
<doc>Fails if the given condition is not true.</doc>
<status status="PASS" starttime="20260408 00:46:21.914" endtime="20260408 00:46:21.916"/>
</kw>
<kw name="Log" library="BuiltIn">
<arg>Step 6: Verify Admin user details</arg>
<doc>Logs the given message with the given level.</doc>
<msg timestamp="20260408 00:46:21.917" level="INFO">Step 6: Verify Admin user details</msg>
<status status="PASS" starttime="20260408 00:46:21.917" endtime="20260408 00:46:21.917"/>
</kw>
<kw name="Get Text" library="SeleniumLibrary">
<var>${admin_cell}</var>
<arg>xpath=//div[contains(@class,'oxd-table-cell') and contains(.,'Admin')]</arg>
<doc>Returns the text value of the element identified by ``locator``.</doc>
<msg timestamp="20260408 00:46:22.957" level="INFO">${admin_cell} = Admin</msg>
<status status="PASS" starttime="20260408 00:46:21.917" endtime="20260408 00:46:22.957"/>
</kw>
<kw name="Log" library="BuiltIn">
<arg>Found user: ${admin_cell}</arg>
<doc>Logs the given message with the given level.</doc>
<msg timestamp="20260408 00:46:22.957" level="INFO">Found user: Admin</msg>
<status status="PASS" starttime="20260408 00:46:22.957" endtime="20260408 00:46:22.957"/>
</kw>
<kw name="Should Contain" library="BuiltIn">
<arg>${admin_cell}</arg>
<arg>Admin</arg>
<arg>msg=Admin user not found in search results</arg>
<doc>Fails if ``container`` does not contain ``item`` one or more times.</doc>
<status status="PASS" starttime="20260408 00:46:22.957" endtime="20260408 00:46:22.957"/>
</kw>
<kw name="Close All Browsers" library="SeleniumLibrary" type="TEARDOWN">
<doc>Closes all open browsers and resets the browser cache.</doc>
<status status="PASS" starttime="20260408 00:46:22.958" endtime="20260408 00:46:25.710"/>
</kw>
<doc>Verify that user exists in admin user list</doc>
<status status="PASS" starttime="20260408 00:45:48.953" endtime="20260408 00:46:25.711"/>
</test>
<doc>OrangeHRM Test Case 6: Validate presence of user in admin user list</doc>
<status status="PASS" starttime="20260408 00:45:48.347" endtime="20260408 00:46:25.711"/>
</suite>
<statistics>
<total>
<stat pass="1" fail="0" skip="0">All Tests</stat>
</total>
<tag>
</tag>
<suite>
<stat pass="1" fail="0" skip="0" id="s1" name="TC6 Validate User In Admin List">TC6 Validate User In Admin List</stat>
</suite>
</statistics>
<errors>
</errors>
</robot>
