<?xml version="1.0" encoding="UTF-8"?>
<robot generator="Robot 6.1.1 (Python 3.14.3 on win32)" generated="20260408 10:09:16.106" rpa="false" schemaversion="4">
<suite id="s1" name="TC6 Validate User" source="C:\Users\Praveen\Documents\OrangeHRM_Automation\robot_tests\test_cases\TC6_Validate_User.robot">
<test id="s1-t1" name="TC6_Validate_User_In_Admin_List" line="43">
<kw name="Open Browser And Maximize">
<kw name="Open Browser" library="SeleniumLibrary">
<arg>${BASE_URL}</arg>
<arg>Chrome</arg>
<doc>Opens a new browser instance to the optional ``url``.</doc>
<msg timestamp="20260408 10:09:16.724" level="INFO">Opening browser 'Chrome' to base url 'https://opensource-demo.orangehrmlive.com'.</msg>
<status status="PASS" starttime="20260408 10:09:16.723" endtime="20260408 10:09:21.856"/>
</kw>
<kw name="Maximize Browser Window" library="SeleniumLibrary">
<doc>Maximizes current browser window.</doc>
<status status="PASS" starttime="20260408 10:09:21.857" endtime="20260408 10:09:21.897"/>
</kw>
<kw name="Set Selenium Timeout" library="SeleniumLibrary">
<arg>20 seconds</arg>
<doc>Sets the timeout that is used by various keywords.</doc>
<status status="PASS" starttime="20260408 10:09:21.897" endtime="20260408 10:09:21.902"/>
</kw>
<kw name="Set Selenium Speed" library="SeleniumLibrary">
<arg>0.5 seconds</arg>
<doc>Sets the delay that is waited after each Selenium command.</doc>
<status status="PASS" starttime="20260408 10:09:21.904" endtime="20260408 10:09:21.905"/>
</kw>
<status status="PASS" starttime="20260408 10:09:16.722" endtime="20260408 10:09:21.905"/>
</kw>
<kw name="Log" library="BuiltIn">
<arg>=== TC6 Step 1: Login as Admin ===</arg>
<doc>Logs the given message with the given level.</doc>
<msg timestamp="20260408 10:09:21.906" level="INFO">=== TC6 Step 1: Login as Admin ===</msg>
<status status="PASS" starttime="20260408 10:09:21.905" endtime="20260408 10:09:21.906"/>
</kw>
<kw name="Navigate To Login Page">
<kw name="Go To" library="SeleniumLibrary">
<arg>${BASE_URL}</arg>
<doc>Navigates the current browser window to the provided ``url``.</doc>
<msg timestamp="20260408 10:09:21.907" level="INFO">Opening url 'https://opensource-demo.orangehrmlive.com'</msg>
<status status="PASS" starttime="20260408 10:09:21.907" endtime="20260408 10:09:23.580"/>
</kw>
<kw name="Sleep" library="BuiltIn">
<arg>2</arg>
<doc>Pauses the test executed for the given time.</doc>
<msg timestamp="20260408 10:09:25.583" level="INFO">Slept 2 seconds</msg>
<status status="PASS" starttime="20260408 10:09:23.580" endtime="20260408 10:09:25.584"/>
</kw>
<status status="PASS" starttime="20260408 10:09:21.906" endtime="20260408 10:09:25.584"/>
</kw>
<kw name="Input Username">
<arg>${ADMIN_USERNAME}</arg>
<kw name="Wait Until Element Is Visible" library="SeleniumLibrary">
<arg>name:username</arg>
<doc>Waits until the element ``locator`` is visible.</doc>
<status status="PASS" starttime="20260408 10:09:25.585" endtime="20260408 10:09:26.653"/>
</kw>
<kw name="Input Text" library="SeleniumLibrary">
<arg>name:username</arg>
<arg>${username}</arg>
<doc>Types the given ``text`` into the text field identified by ``locator``.</doc>
<msg timestamp="20260408 10:09:26.655" level="INFO">Typing text 'Admin' into text field 'name:username'.</msg>
<status status="PASS" starttime="20260408 10:09:26.654" endtime="20260408 10:09:28.411"/>
</kw>
<status status="PASS" starttime="20260408 10:09:25.584" endtime="20260408 10:09:28.411"/>
</kw>
<kw name="Input Password">
<arg>${ADMIN_PASSWORD}</arg>
<kw name="Input Text" library="SeleniumLibrary">
<arg>name:password</arg>
<arg>${password}</arg>
<doc>Types the given ``text`` into the text field identified by ``locator``.</doc>
<msg timestamp="20260408 10:09:28.415" level="INFO">Typing text 'admin123' into text field 'name:password'.</msg>
<status status="PASS" starttime="20260408 10:09:28.412" endtime="20260408 10:09:30.245"/>
</kw>
<status status="PASS" starttime="20260408 10:09:28.412" endtime="20260408 10:09:30.245"/>
</kw>
<kw name="Click Login Button">
<kw name="Click Button" library="SeleniumLibrary">
<arg>class:oxd-button</arg>
<doc>Clicks the button identified by ``locator``.</doc>
<msg timestamp="20260408 10:09:30.252" level="INFO">Clicking button 'class:oxd-button'.</msg>
<status status="PASS" starttime="20260408 10:09:30.246" endtime="20260408 10:09:33.262"/>
</kw>
<kw name="Sleep" library="BuiltIn">
<arg>2</arg>
<doc>Pauses the test executed for the given time.</doc>
<msg timestamp="20260408 10:09:35.267" level="INFO">Slept 2 seconds</msg>
<status status="PASS" starttime="20260408 10:09:33.264" endtime="20260408 10:09:35.267"/>
</kw>
<status status="PASS" starttime="20260408 10:09:30.245" endtime="20260408 10:09:35.267"/>
</kw>
<kw name="Wait Until Location Contains" library="SeleniumLibrary">
<arg>dashboard</arg>
<doc>Waits until the current URL contains ``expected``.</doc>
<status status="PASS" starttime="20260408 10:09:35.267" endtime="20260408 10:09:35.777"/>
</kw>
<kw name="Log" library="BuiltIn">
<arg>Admin logged in successfully</arg>
<doc>Logs the given message with the given level.</doc>
<msg timestamp="20260408 10:09:35.777" level="INFO">Admin logged in successfully</msg>
<status status="PASS" starttime="20260408 10:09:35.777" endtime="20260408 10:09:35.777"/>
</kw>
<kw name="Log" library="BuiltIn">
<arg>=== TC6 Step 2: Navigate to Admin &gt; User Management ===</arg>
<doc>Logs the given message with the given level.</doc>
<msg timestamp="20260408 10:09:35.778" level="INFO">=== TC6 Step 2: Navigate to Admin &gt; User Management ===</msg>
<status status="PASS" starttime="20260408 10:09:35.777" endtime="20260408 10:09:35.778"/>
</kw>
<kw name="Go To" library="SeleniumLibrary">
<arg>${BASE_URL}/web/index.php/admin/viewSystemUsers</arg>
<doc>Navigates the current browser window to the provided ``url``.</doc>
<msg timestamp="20260408 10:09:35.781" level="INFO">Opening url 'https://opensource-demo.orangehrmlive.com/web/index.php/admin/viewSystemUsers'</msg>
<status status="PASS" starttime="20260408 10:09:35.778" endtime="20260408 10:09:36.769"/>
</kw>
<kw name="Sleep" library="BuiltIn">
<arg>3</arg>
<doc>Pauses the test executed for the given time.</doc>
<msg timestamp="20260408 10:09:39.770" level="INFO">Slept 3 seconds</msg>
<status status="PASS" starttime="20260408 10:09:36.769" endtime="20260408 10:09:39.770"/>
</kw>
<kw name="Log" library="BuiltIn">
<arg>=== TC6 Step 3: Verify user list is displayed ===</arg>
<doc>Logs the given message with the given level.</doc>
<msg timestamp="20260408 10:09:39.771" level="INFO">=== TC6 Step 3: Verify user list is displayed ===</msg>
<status status="PASS" starttime="20260408 10:09:39.771" endtime="20260408 10:09:39.771"/>
</kw>
<kw name="Run Keyword And Return Status" library="BuiltIn">
<var>${table_visible}</var>
<arg>Element Should Be Visible</arg>
<arg>xpath=//div[contains(@class,'oxd-table')]</arg>
<doc>Runs the given keyword with given arguments and returns the status as a Boolean value.</doc>
<kw name="Element Should Be Visible" library="SeleniumLibrary">
<arg>xpath=//div[contains(@class,'oxd-table')]</arg>
<doc>Verifies that the element identified by ``locator`` is visible.</doc>
<msg timestamp="20260408 10:09:40.921" level="INFO">Element 'xpath=//div[contains(@class,'oxd-table')]' is displayed.</msg>
<status status="PASS" starttime="20260408 10:09:39.773" endtime="20260408 10:09:40.922"/>
</kw>
<msg timestamp="20260408 10:09:40.922" level="INFO">${table_visible} = True</msg>
<status status="PASS" starttime="20260408 10:09:39.772" endtime="20260408 10:09:40.922"/>
</kw>
<kw name="Log" library="BuiltIn">
<arg>User table visible: ${table_visible}</arg>
<doc>Logs the given message with the given level.</doc>
<msg timestamp="20260408 10:09:40.923" level="INFO">User table visible: True</msg>
<status status="PASS" starttime="20260408 10:09:40.923" endtime="20260408 10:09:40.923"/>
</kw>
<kw name="Should Be True" library="BuiltIn">
<arg>${table_visible}</arg>
<doc>Fails if the given condition is not true.</doc>
<status status="PASS" starttime="20260408 10:09:40.924" endtime="20260408 10:09:40.924"/>
</kw>
<kw name="Log" library="BuiltIn">
<arg>=== TC6 Step 4: Get user count ===</arg>
<doc>Logs the given message with the given level.</doc>
<msg timestamp="20260408 10:09:40.925" level="INFO">=== TC6 Step 4: Get user count ===</msg>
<status status="PASS" starttime="20260408 10:09:40.925" endtime="20260408 10:09:40.925"/>
</kw>
<kw name="Get Element Count" library="SeleniumLibrary">
<var>${row_count}</var>
<arg>xpath=//div[contains(@class,'oxd-table-row')]</arg>
<doc>Returns the number of elements matching ``locator``.</doc>
<msg timestamp="20260408 10:09:41.492" level="INFO">${row_count} = 31</msg>
<status status="PASS" starttime="20260408 10:09:40.925" endtime="20260408 10:09:41.492"/>
</kw>
<kw name="Log" library="BuiltIn">
<arg>Number of users in table: ${row_count}</arg>
<doc>Logs the given message with the given level.</doc>
<msg timestamp="20260408 10:09:41.494" level="INFO">Number of users in table: 31</msg>
<status status="PASS" starttime="20260408 10:09:41.493" endtime="20260408 10:09:41.495"/>
</kw>
<kw name="Should Be True" library="BuiltIn">
<arg>${row_count} &gt; 0</arg>
<doc>Fails if the given condition is not true.</doc>
<status status="PASS" starttime="20260408 10:09:41.496" endtime="20260408 10:09:41.498"/>
</kw>
<kw name="Log" library="BuiltIn">
<arg>=== TC6 Step 5: Search for Admin user ===</arg>
<doc>Logs the given message with the given level.</doc>
<msg timestamp="20260408 10:09:41.499" level="INFO">=== TC6 Step 5: Search for Admin user ===</msg>
<status status="PASS" starttime="20260408 10:09:41.499" endtime="20260408 10:09:41.500"/>
</kw>
<kw name="Input Text" library="SeleniumLibrary">
<arg>xpath=//input[@placeholder='Search']</arg>
<arg>Admin</arg>
<doc>Types the given ``text`` into the text field identified by ``locator``.</doc>
<msg timestamp="20260408 10:09:41.504" level="INFO">Typing text 'Admin' into text field 'xpath=//input[@placeholder='Search']'.</msg>
<status status="PASS" starttime="20260408 10:09:41.500" endtime="20260408 10:09:43.361"/>
</kw>
<kw name="Sleep" library="BuiltIn">
<arg>1</arg>
<doc>Pauses the test executed for the given time.</doc>
<msg timestamp="20260408 10:09:44.363" level="INFO">Slept 1 second</msg>
<status status="PASS" starttime="20260408 10:09:43.362" endtime="20260408 10:09:44.363"/>
</kw>
<kw name="Click Button" library="SeleniumLibrary">
<arg>xpath=//button[contains(@class,'oxd-button--secondary')]</arg>
<doc>Clicks the button identified by ``locator``.</doc>
<msg timestamp="20260408 10:09:44.367" level="INFO">Clicking button 'xpath=//button[contains(@class,'oxd-button--secondary')]'.</msg>
<status status="PASS" starttime="20260408 10:09:44.364" endtime="20260408 10:09:48.145"/>
</kw>
<kw name="Sleep" library="BuiltIn">
<arg>3</arg>
<doc>Pauses the test executed for the given time.</doc>
<msg timestamp="20260408 10:09:51.146" level="INFO">Slept 3 seconds</msg>
<status status="PASS" starttime="20260408 10:09:48.145" endtime="20260408 10:09:51.146"/>
</kw>
<kw name="Log" library="BuiltIn">
<arg>=== TC6 Step 6: Verify search results ===</arg>
<doc>Logs the given message with the given level.</doc>
<msg timestamp="20260408 10:09:51.147" level="INFO">=== TC6 Step 6: Verify search results ===</msg>
<status status="PASS" starttime="20260408 10:09:51.147" endtime="20260408 10:09:51.147"/>
</kw>
<kw name="Get Element Count" library="SeleniumLibrary">
<var>${search_result_count}</var>
<arg>xpath=//div[contains(@class,'oxd-table-row')]</arg>
<doc>Returns the number of elements matching ``locator``.</doc>
<msg timestamp="20260408 10:09:51.682" level="INFO">${search_result_count} = 31</msg>
<status status="PASS" starttime="20260408 10:09:51.147" endtime="20260408 10:09:51.682"/>
</kw>
<kw name="Log" library="BuiltIn">
<arg>Users found after search: ${search_result_count}</arg>
<doc>Logs the given message with the given level.</doc>
<msg timestamp="20260408 10:09:51.683" level="INFO">Users found after search: 31</msg>
<status status="PASS" starttime="20260408 10:09:51.683" endtime="20260408 10:09:51.683"/>
</kw>
<kw name="Should Be True" library="BuiltIn">
<arg>${search_result_count} &gt; 0</arg>
<doc>Fails if the given condition is not true.</doc>
<status status="PASS" starttime="20260408 10:09:51.683" endtime="20260408 10:09:51.683"/>
</kw>
<kw name="Logout From Application">
<kw name="Run Keyword And Return Status" library="BuiltIn">
<var>${userdropdown_visible}</var>
<arg>Element Should Be Visible</arg>
<arg>class:oxd-userdropdown</arg>
<doc>Runs the given keyword with given arguments and returns the status as a Boolean value.</doc>
<kw name="Element Should Be Visible" library="SeleniumLibrary">
<arg>class:oxd-userdropdown</arg>
<doc>Verifies that the element identified by ``locator`` is visible.</doc>
<msg timestamp="20260408 10:09:52.734" level="INFO">Element 'class:oxd-userdropdown' is displayed.</msg>
<status status="PASS" starttime="20260408 10:09:51.684" endtime="20260408 10:09:52.735"/>
</kw>
<msg timestamp="20260408 10:09:52.736" level="INFO">${userdropdown_visible} = True</msg>
<status status="PASS" starttime="20260408 10:09:51.684" endtime="20260408 10:09:52.736"/>
</kw>
<kw name="Run Keyword If" library="BuiltIn">
<arg>${userdropdown_visible}</arg>
<arg>Click Element</arg>
<arg>class:oxd-userdropdown</arg>
<doc>Runs the given keyword with the given arguments, if ``condition`` is true.</doc>
<kw name="Click Element" library="SeleniumLibrary">
<arg>class:oxd-userdropdown</arg>
<doc>Click the element identified by ``locator``.</doc>
<msg timestamp="20260408 10:09:52.739" level="INFO">Clicking element 'class:oxd-userdropdown'.</msg>
<status status="PASS" starttime="20260408 10:09:52.737" endtime="20260408 10:09:54.006"/>
</kw>
<status status="PASS" starttime="20260408 10:09:52.736" endtime="20260408 10:09:54.006"/>
</kw>
<kw name="Sleep" library="BuiltIn">
<arg>1</arg>
<doc>Pauses the test executed for the given time.</doc>
<msg timestamp="20260408 10:09:55.008" level="INFO">Slept 1 second</msg>
<status status="PASS" starttime="20260408 10:09:54.006" endtime="20260408 10:09:55.009"/>
</kw>
<kw name="Run Keyword And Return Status" library="BuiltIn">
<var>${logout_link}</var>
<arg>Element Should Be Visible</arg>
<arg>xpath=//a[contains(text(),'Logout')]</arg>
<doc>Runs the given keyword with given arguments and returns the status as a Boolean value.</doc>
<kw name="Element Should Be Visible" library="SeleniumLibrary">
<arg>xpath=//a[contains(text(),'Logout')]</arg>
<doc>Verifies that the element identified by ``locator`` is visible.</doc>
<msg timestamp="20260408 10:09:56.103" level="INFO">Element 'xpath=//a[contains(text(),'Logout')]' is displayed.</msg>
<status status="PASS" starttime="20260408 10:09:55.012" endtime="20260408 10:09:56.103"/>
</kw>
<msg timestamp="20260408 10:09:56.103" level="INFO">${logout_link} = True</msg>
<status status="PASS" starttime="20260408 10:09:55.010" endtime="20260408 10:09:56.103"/>
</kw>
<kw name="Run Keyword If" library="BuiltIn">
<arg>${logout_link}</arg>
<arg>Click Element</arg>
<arg>xpath=//a[contains(text(),'Logout')]</arg>
<doc>Runs the given keyword with the given arguments, if ``condition`` is true.</doc>
<kw name="Click Element" library="SeleniumLibrary">
<arg>xpath=//a[contains(text(),'Logout')]</arg>
<doc>Click the element identified by ``locator``.</doc>
<msg timestamp="20260408 10:09:56.106" level="INFO">Clicking element 'xpath=//a[contains(text(),'Logout')]'.</msg>
<status status="PASS" starttime="20260408 10:09:56.105" endtime="20260408 10:09:58.121"/>
</kw>
<status status="PASS" starttime="20260408 10:09:56.104" endtime="20260408 10:09:58.121"/>
</kw>
<kw name="Sleep" library="BuiltIn">
<arg>2</arg>
<doc>Pauses the test executed for the given time.</doc>
<msg timestamp="20260408 10:10:00.125" level="INFO">Slept 2 seconds</msg>
<status status="PASS" starttime="20260408 10:09:58.122" endtime="20260408 10:10:00.125"/>
</kw>
<status status="PASS" starttime="20260408 10:09:51.684" endtime="20260408 10:10:00.125"/>
</kw>
<kw name="Log" library="BuiltIn">
<arg>=== TC6 Completed Successfully ===</arg>
<doc>Logs the given message with the given level.</doc>
<msg timestamp="20260408 10:10:00.126" level="INFO">=== TC6 Completed Successfully ===</msg>
<status status="PASS" starttime="20260408 10:10:00.126" endtime="20260408 10:10:00.126"/>
</kw>
<kw name="Close All Browsers" library="SeleniumLibrary">
<doc>Closes all open browsers and resets the browser cache.</doc>
<status status="PASS" starttime="20260408 10:10:00.127" endtime="20260408 10:10:03.034"/>
</kw>
<doc>Validate presence of newly created user in admin user list</doc>
<tag>TC6</tag>
<tag>user_validation</tag>
<status status="PASS" starttime="20260408 10:09:16.720" endtime="20260408 10:10:03.034"/>
</test>
<test id="s1-t2" name="TC6_Verify_User_List_Access" line="93">
<kw name="Open Browser And Maximize">
<kw name="Open Browser" library="SeleniumLibrary">
<arg>${BASE_URL}</arg>
<arg>Chrome</arg>
<doc>Opens a new browser instance to the optional ``url``.</doc>
<msg timestamp="20260408 10:10:03.046" level="INFO">Opening browser 'Chrome' to base url 'https://opensource-demo.orangehrmlive.com'.</msg>
<status status="PASS" starttime="20260408 10:10:03.043" endtime="20260408 10:10:08.252"/>
</kw>
<kw name="Maximize Browser Window" library="SeleniumLibrary">
<doc>Maximizes current browser window.</doc>
<status status="PASS" starttime="20260408 10:10:08.255" endtime="20260408 10:10:08.870"/>
</kw>
<kw name="Set Selenium Timeout" library="SeleniumLibrary">
<arg>20 seconds</arg>
<doc>Sets the timeout that is used by various keywords.</doc>
<status status="PASS" starttime="20260408 10:10:08.871" endtime="20260408 10:10:09.375"/>
</kw>
<kw name="Set Selenium Speed" library="SeleniumLibrary">
<arg>0.5 seconds</arg>
<doc>Sets the delay that is waited after each Selenium command.</doc>
<status status="PASS" starttime="20260408 10:10:09.375" endtime="20260408 10:10:09.377"/>
</kw>
<status status="PASS" starttime="20260408 10:10:03.041" endtime="20260408 10:10:09.377"/>
</kw>
<kw name="Navigate To Login Page">
<kw name="Go To" library="SeleniumLibrary">
<arg>${BASE_URL}</arg>
<doc>Navigates the current browser window to the provided ``url``.</doc>
<msg timestamp="20260408 10:10:09.380" level="INFO">Opening url 'https://opensource-demo.orangehrmlive.com'</msg>
<status status="PASS" starttime="20260408 10:10:09.379" endtime="20260408 10:10:10.680"/>
</kw>
<kw name="Sleep" library="BuiltIn">
<arg>2</arg>
<doc>Pauses the test executed for the given time.</doc>
<msg timestamp="20260408 10:10:12.684" level="INFO">Slept 2 seconds</msg>
<status status="PASS" starttime="20260408 10:10:10.680" endtime="20260408 10:10:12.687"/>
</kw>
<status status="PASS" starttime="20260408 10:10:09.378" endtime="20260408 10:10:12.687"/>
</kw>
<kw name="Input Username">
<arg>${ADMIN_USERNAME}</arg>
<kw name="Wait Until Element Is Visible" library="SeleniumLibrary">
<arg>name:username</arg>
<doc>Waits until the element ``locator`` is visible.</doc>
<status status="PASS" starttime="20260408 10:10:12.689" endtime="20260408 10:10:13.754"/>
</kw>
<kw name="Input Text" library="SeleniumLibrary">
<arg>name:username</arg>
<arg>${username}</arg>
<doc>Types the given ``text`` into the text field identified by ``locator``.</doc>
<msg timestamp="20260408 10:10:13.759" level="INFO">Typing text 'Admin' into text field 'name:username'.</msg>
<status status="PASS" starttime="20260408 10:10:13.755" endtime="20260408 10:10:15.500"/>
</kw>
<status status="PASS" starttime="20260408 10:10:12.688" endtime="20260408 10:10:15.500"/>
</kw>
<kw name="Input Password">
<arg>${ADMIN_PASSWORD}</arg>
<kw name="Input Text" library="SeleniumLibrary">
<arg>name:password</arg>
<arg>${password}</arg>
<doc>Types the given ``text`` into the text field identified by ``locator``.</doc>
<msg timestamp="20260408 10:10:15.508" level="INFO">Typing text 'admin123' into text field 'name:password'.</msg>
<status status="PASS" starttime="20260408 10:10:15.504" endtime="20260408 10:10:17.330"/>
</kw>
<status status="PASS" starttime="20260408 10:10:15.500" endtime="20260408 10:10:17.330"/>
</kw>
<kw name="Click Login Button">
<kw name="Click Button" library="SeleniumLibrary">
<arg>class:oxd-button</arg>
<doc>Clicks the button identified by ``locator``.</doc>
<msg timestamp="20260408 10:10:17.332" level="INFO">Clicking button 'class:oxd-button'.</msg>
<status status="PASS" starttime="20260408 10:10:17.331" endtime="20260408 10:10:20.127"/>
</kw>
<kw name="Sleep" library="BuiltIn">
<arg>2</arg>
<doc>Pauses the test executed for the given time.</doc>
<msg timestamp="20260408 10:10:22.135" level="INFO">Slept 2 seconds</msg>
<status status="PASS" starttime="20260408 10:10:20.128" endtime="20260408 10:10:22.136"/>
</kw>
<status status="PASS" starttime="20260408 10:10:17.330" endtime="20260408 10:10:22.136"/>
</kw>
<kw name="Wait Until Location Contains" library="SeleniumLibrary">
<arg>dashboard</arg>
<doc>Waits until the current URL contains ``expected``.</doc>
<status status="PASS" starttime="20260408 10:10:22.136" endtime="20260408 10:10:22.756"/>
</kw>
<kw name="Go To" library="SeleniumLibrary">
<arg>${BASE_URL}/web/index.php/admin/viewSystemUsers</arg>
<doc>Navigates the current browser window to the provided ``url``.</doc>
<msg timestamp="20260408 10:10:22.757" level="INFO">Opening url 'https://opensource-demo.orangehrmlive.com/web/index.php/admin/viewSystemUsers'</msg>
<status status="PASS" starttime="20260408 10:10:22.756" endtime="20260408 10:10:23.665"/>
</kw>
<kw name="Sleep" library="BuiltIn">
<arg>3</arg>
<doc>Pauses the test executed for the given time.</doc>
<msg timestamp="20260408 10:10:26.667" level="INFO">Slept 3 seconds</msg>
<status status="PASS" starttime="20260408 10:10:23.666" endtime="20260408 10:10:26.668"/>
</kw>
<kw name="Run Keyword And Return Status" library="BuiltIn">
<var>${table_present}</var>
<arg>Element Should Be Visible</arg>
<arg>xpath=//div[contains(@class,'oxd-table')]</arg>
<doc>Runs the given keyword with given arguments and returns the status as a Boolean value.</doc>
<kw name="Element Should Be Visible" library="SeleniumLibrary">
<arg>xpath=//div[contains(@class,'oxd-table')]</arg>
<doc>Verifies that the element identified by ``locator`` is visible.</doc>
<msg timestamp="20260408 10:10:27.793" level="INFO">Element 'xpath=//div[contains(@class,'oxd-table')]' is displayed.</msg>
<status status="PASS" starttime="20260408 10:10:26.670" endtime="20260408 10:10:27.793"/>
</kw>
<msg timestamp="20260408 10:10:27.794" level="INFO">${table_present} = True</msg>
<status status="PASS" starttime="20260408 10:10:26.669" endtime="20260408 10:10:27.794"/>
</kw>
<kw name="Should Be True" library="BuiltIn">
<arg>${table_present}</arg>
<doc>Fails if the given condition is not true.</doc>
<status status="PASS" starttime="20260408 10:10:27.794" endtime="20260408 10:10:27.794"/>
</kw>
<kw name="Logout From Application">
<kw name="Run Keyword And Return Status" library="BuiltIn">
<var>${userdropdown_visible}</var>
<arg>Element Should Be Visible</arg>
<arg>class:oxd-userdropdown</arg>
<doc>Runs the given keyword with given arguments and returns the status as a Boolean value.</doc>
<kw name="Element Should Be Visible" library="SeleniumLibrary">
<arg>class:oxd-userdropdown</arg>
<doc>Verifies that the element identified by ``locator`` is visible.</doc>
<msg timestamp="20260408 10:10:28.867" level="INFO">Element 'class:oxd-userdropdown' is displayed.</msg>
<status status="PASS" starttime="20260408 10:10:27.796" endtime="20260408 10:10:28.868"/>
</kw>
<msg timestamp="20260408 10:10:28.869" level="INFO">${userdropdown_visible} = True</msg>
<status status="PASS" starttime="20260408 10:10:27.795" endtime="20260408 10:10:28.869"/>
</kw>
<kw name="Run Keyword If" library="BuiltIn">
<arg>${userdropdown_visible}</arg>
<arg>Click Element</arg>
<arg>class:oxd-userdropdown</arg>
<doc>Runs the given keyword with the given arguments, if ``condition`` is true.</doc>
<kw name="Click Element" library="SeleniumLibrary">
<arg>class:oxd-userdropdown</arg>
<doc>Click the element identified by ``locator``.</doc>
<msg timestamp="20260408 10:10:28.873" level="INFO">Clicking element 'class:oxd-userdropdown'.</msg>
<status status="PASS" starttime="20260408 10:10:28.870" endtime="20260408 10:10:30.075"/>
</kw>
<status status="PASS" starttime="20260408 10:10:28.869" endtime="20260408 10:10:30.075"/>
</kw>
<kw name="Sleep" library="BuiltIn">
<arg>1</arg>
<doc>Pauses the test executed for the given time.</doc>
<msg timestamp="20260408 10:10:31.076" level="INFO">Slept 1 second</msg>
<status status="PASS" starttime="20260408 10:10:30.075" endtime="20260408 10:10:31.076"/>
</kw>
<kw name="Run Keyword And Return Status" library="BuiltIn">
<var>${logout_link}</var>
<arg>Element Should Be Visible</arg>
<arg>xpath=//a[contains(text(),'Logout')]</arg>
<doc>Runs the given keyword with given arguments and returns the status as a Boolean value.</doc>
<kw name="Element Should Be Visible" library="SeleniumLibrary">
<arg>xpath=//a[contains(text(),'Logout')]</arg>
<doc>Verifies that the element identified by ``locator`` is visible.</doc>
<msg timestamp="20260408 10:10:32.162" level="INFO">Element 'xpath=//a[contains(text(),'Logout')]' is displayed.</msg>
<status status="PASS" starttime="20260408 10:10:31.077" endtime="20260408 10:10:32.162"/>
</kw>
<msg timestamp="20260408 10:10:32.162" level="INFO">${logout_link} = True</msg>
<status status="PASS" starttime="20260408 10:10:31.077" endtime="20260408 10:10:32.162"/>
</kw>
<kw name="Run Keyword If" library="BuiltIn">
<arg>${logout_link}</arg>
<arg>Click Element</arg>
<arg>xpath=//a[contains(text(),'Logout')]</arg>
<doc>Runs the given keyword with the given arguments, if ``condition`` is true.</doc>
<kw name="Click Element" library="SeleniumLibrary">
<arg>xpath=//a[contains(text(),'Logout')]</arg>
<doc>Click the element identified by ``locator``.</doc>
<msg timestamp="20260408 10:10:32.169" level="INFO">Clicking element 'xpath=//a[contains(text(),'Logout')]'.</msg>
<status status="PASS" starttime="20260408 10:10:32.167" endtime="20260408 10:10:34.726"/>
</kw>
<status status="PASS" starttime="20260408 10:10:32.165" endtime="20260408 10:10:34.726"/>
</kw>
<kw name="Sleep" library="BuiltIn">
<arg>2</arg>
<doc>Pauses the test executed for the given time.</doc>
<msg timestamp="20260408 10:10:36.728" level="INFO">Slept 2 seconds</msg>
<status status="PASS" starttime="20260408 10:10:34.727" endtime="20260408 10:10:36.730"/>
</kw>
<status status="PASS" starttime="20260408 10:10:27.795" endtime="20260408 10:10:36.731"/>
</kw>
<kw name="Close All Browsers" library="SeleniumLibrary">
<doc>Closes all open browsers and resets the browser cache.</doc>
<status status="PASS" starttime="20260408 10:10:36.731" endtime="20260408 10:10:39.566"/>
</kw>
<doc>Verify user list is accessible after login</doc>
<tag>TC6</tag>
<tag>user_list</tag>
<status status="PASS" starttime="20260408 10:10:03.035" endtime="20260408 10:10:39.567"/>
</test>
<doc>OrangeHRM Test Case 6: Validate presence of user in admin user list</doc>
<status status="PASS" starttime="20260408 10:09:16.109" endtime="20260408 10:10:39.569"/>
</suite>
<statistics>
<total>
<stat pass="2" fail="0" skip="0">All Tests</stat>
</total>
<tag>
<stat pass="2" fail="0" skip="0">TC6</stat>
<stat pass="1" fail="0" skip="0">user_list</stat>
<stat pass="1" fail="0" skip="0">user_validation</stat>
</tag>
<suite>
<stat pass="2" fail="0" skip="0" id="s1" name="TC6 Validate User">TC6 Validate User</stat>
</suite>
</statistics>
<errors>
</errors>
</robot>
